<?xml version="1.0" encoding="UTF-8"?>
<!-- Generated by org.testng.reporters.JUnitReportReporter -->
<testsuite skipped="0" hostname="ANKIT" name="TestNG.NewTest" tests="2" failures="0" timestamp="26 Jan 2019 17:37:11 GMT" time="0.015" errors="0">
  <testcase name="TestC" time="0.015" classname="TestNG.NewTest"/>
  <testcase name="TestC1" time="0.000" classname="TestNG.NewTest"/>
</testsuite> <!-- TestNG.NewTest -->
