<?xml version="1.0" encoding="UTF-8"?>
<!-- Generated by org.testng.reporters.JUnitReportReporter -->
<testsuite skipped="0" hostname="ANKIT" name="TestNG.DemoTest" tests="1" failures="0" timestamp="28 Jan 2019 17:00:31 GMT" time="0.024" errors="0">
  <testcase name="TestDemo" time="0.024" classname="TestNG.DemoTest"/>
</testsuite> <!-- TestNG.DemoTest -->
