<?xml version="1.0" encoding="UTF-8"?>
<!-- Generated by org.testng.reporters.JUnitReportReporter -->
<testsuite skipped="0" hostname="ANKIT" name="TestNG.Demo" tests="1" failures="0" timestamp="26 Jan 2019 17:27:15 GMT" time="0.000" errors="0">
  <testcase name="TestC" time="0.000" classname="TestNG.Demo"/>
</testsuite> <!-- TestNG.Demo -->
